0 info it worked if it ends with ok
1 verbose cli [ '/usr/local/Cellar/node/0.10.29/bin/node',
1 verbose cli   '/usr/local/bin/npm',
1 verbose cli   'publish' ]
2 info using npm@3.8.5
3 info using node@v5.8.0
4 verbose publish [ '.' ]
5 silly cache add args [ '.', null ]
6 verbose cache add spec .
7 silly cache add parsed spec Result {
7 silly cache add   raw: '.',
7 silly cache add   scope: null,
7 silly cache add   name: null,
7 silly cache add   rawSpec: '.',
7 silly cache add   spec: '/Users/zguillez/Documents/SVN/PERISCOPE-EMBED-ELEMENT',
7 silly cache add   type: 'directory' }
8 verbose addLocalDirectory /Users/zguillez/.npm/periscope-embed-element/1.0.1/package.tgz not in flight; packing
9 verbose correctMkdir /Users/zguillez/.npm correctMkdir not in flight; initializing
10 info lifecycle periscope-embed-element@1.0.1~prepublish: periscope-embed-element@1.0.1
11 silly lifecycle periscope-embed-element@1.0.1~prepublish: no script for prepublish, continuing
12 verbose tar pack [ '/Users/zguillez/.npm/periscope-embed-element/1.0.1/package.tgz',
12 verbose tar pack   '/Users/zguillez/Documents/SVN/PERISCOPE-EMBED-ELEMENT' ]
13 verbose tarball /Users/zguillez/.npm/periscope-embed-element/1.0.1/package.tgz
14 verbose folder /Users/zguillez/Documents/SVN/PERISCOPE-EMBED-ELEMENT
15 verbose addLocalTarball adding from inside cache /Users/zguillez/.npm/periscope-embed-element/1.0.1/package.tgz
16 verbose correctMkdir /Users/zguillez/.npm correctMkdir not in flight; initializing
17 silly cache afterAdd periscope-embed-element@1.0.1
18 verbose afterAdd /Users/zguillez/.npm/periscope-embed-element/1.0.1/package/package.json not in flight; writing
19 verbose correctMkdir /Users/zguillez/.npm correctMkdir not in flight; initializing
20 verbose afterAdd /Users/zguillez/.npm/periscope-embed-element/1.0.1/package/package.json written
21 silly publish { name: 'periscope-embed-element',
21 silly publish   version: '1.0.1',
21 silly publish   authors: [ 'Guillermo de la Iglesia <zguillez@gmail.com>' ],
21 silly publish   description: 'Periscope streaming video embed',
21 silly publish   main: 'analytics-element.html',
21 silly publish   repository:
21 silly publish    { type: 'git',
21 silly publish      url: 'git+https://github.com/zguillez/periscope-embed-element.git' },
21 silly publish   keywords: [ 'polymer', 'twitter', 'periscope', 'video', 'streaming', 'embed' ],
21 silly publish   license: 'MIT',
21 silly publish   devDependencies: { napa: '^2.3.0' },
21 silly publish   scripts: { install: 'napa' },
21 silly publish   napa: { polymer: 'polymer/polymer' },
21 silly publish   readme: '# periscope-embed-element\n\n[![npm version](https://badge.fury.io/js/periscope-embed-element.svg)](https://badge.fury.io/js/periscope-embed-element)\n[![License](http://img.shields.io/:license-mit-blue.svg)](http://doge.mit-license.org)\n[![Join the chat at https://gitter.im/zguillez/periscope-embed-element](https://badges.gitter.im/zguillez/periscope-embed-element.svg)](https://gitter.im/zguillez/periscope-embed-element?utm_source=badge&utm_medium=badge&utm_campaign=pr-badge&utm_content=badge)\n\nPeriscope streaming video embed for Polymer.\n\n# Getting Started\n\n### Download component with Bower\n\n\tbower i periscope-embed-element --save\n\t\n### Download component with NPM\n\n\tnpm i periscope-embed-element --save\n\n## Requeriments\n\n### [Bower](http://bower.io//)\n\n# Usage\n\n- Import the component to the HTML file.\n- Add the component tag.\n- Insert the UID of your Periscope streaming url\n\nExample Periscope URL:\n\n\thttps://www.periscope.tv/zguillez/1jMJgMdERzjKL\n\nExample code: \n\t\n\t<link rel="import" href="bower_componets/analytics-element/analytics-element.html">\n\t<element-analytics uid="1jMJgMdERzjKL"/>\n\t\t\n#Options: \n\t\n- width\n- height\n- orientation: "portrait" | "landscape"\n\n\n# Contributing and issues\n\nContributors are welcome, please fork and send pull requests! If you have any ideas on how to make this project better then please submit an issue or send me an [email](mailto:mail@zguillez.io).\n\n# License\n\n©2016 Zguillez.io\n\nOriginal code licensed under [MIT](https://en.wikipedia.org/wiki/MIT_License) Open Source projects used within this project retain their original licenses.\n\n# Changelog\n\n### v1.0.0 (April 4, 2016) \n* Initial implementation\n\n[![Analytics](https://ga-beacon.appspot.com/UA-1125217-30/zguillez/analytics-element?pixel)](https://github.com/igrigorik/ga-beacon)\n',
21 silly publish   readmeFilename: 'README.md',
21 silly publish   gitHead: 'ddf20196bcbb0dfdcaf0c06864c9885afe076d99',
21 silly publish   bugs: { url: 'https://github.com/zguillez/periscope-embed-element/issues' },
21 silly publish   homepage: 'https://github.com/zguillez/periscope-embed-element#readme',
21 silly publish   _id: 'periscope-embed-element@1.0.1',
21 silly publish   _shasum: 'ce7996c28e4c45a19ca220b2f37bb7edc0cc9d7b',
21 silly publish   _from: '.' }
22 verbose getPublishConfig undefined
23 silly mapToRegistry name periscope-embed-element
24 silly mapToRegistry using default registry
25 silly mapToRegistry registry https://registry.npmjs.org/
26 silly mapToRegistry data Result {
26 silly mapToRegistry   raw: 'periscope-embed-element',
26 silly mapToRegistry   scope: null,
26 silly mapToRegistry   name: 'periscope-embed-element',
26 silly mapToRegistry   rawSpec: '',
26 silly mapToRegistry   spec: 'latest',
26 silly mapToRegistry   type: 'tag' }
27 silly mapToRegistry uri https://registry.npmjs.org/periscope-embed-element
28 verbose publish registryBase https://registry.npmjs.org/
29 silly publish uploading /Users/zguillez/.npm/periscope-embed-element/1.0.1/package.tgz
30 verbose request uri https://registry.npmjs.org/periscope-embed-element
31 verbose request sending authorization for write operation
32 info attempt registry request try #1 at 19:02:48
33 verbose request using bearer token for auth
34 verbose request id 1081c4c8ff5bbcc9
35 http request PUT https://registry.npmjs.org/periscope-embed-element
36 http 403 https://registry.npmjs.org/periscope-embed-element
37 verbose headers { 'content-type': 'application/json',
37 verbose headers   'cache-control': 'max-age=300',
37 verbose headers   'content-length': '95',
37 verbose headers   'accept-ranges': 'bytes',
37 verbose headers   date: 'Mon, 04 Apr 2016 17:02:50 GMT',
37 verbose headers   via: '1.1 varnish',
37 verbose headers   connection: 'keep-alive',
37 verbose headers   'x-served-by': 'cache-lhr6335-LHR',
37 verbose headers   'x-cache': 'MISS',
37 verbose headers   'x-cache-hits': '0',
37 verbose headers   'x-timer': 'S1459789369.095014,VS0,VE1339' }
38 verbose request invalidating /Users/zguillez/.npm/registry.npmjs.org/periscope-embed-element on PUT
39 error publish Failed PUT 403
40 verbose stack Error: "You cannot publish over the previously published version 1.0.1." : periscope-embed-element
40 verbose stack     at makeError (/usr/local/lib/node_modules/npm/node_modules/npm-registry-client/lib/request.js:264:12)
40 verbose stack     at CachingRegistryClient.<anonymous> (/usr/local/lib/node_modules/npm/node_modules/npm-registry-client/lib/request.js:252:14)
40 verbose stack     at Request._callback (/usr/local/lib/node_modules/npm/node_modules/npm-registry-client/lib/request.js:172:14)
40 verbose stack     at Request.self.callback (/usr/local/lib/node_modules/npm/node_modules/request/request.js:199:22)
40 verbose stack     at emitTwo (events.js:100:13)
40 verbose stack     at Request.emit (events.js:185:7)
40 verbose stack     at Request.<anonymous> (/usr/local/lib/node_modules/npm/node_modules/request/request.js:1036:10)
40 verbose stack     at emitOne (events.js:95:20)
40 verbose stack     at Request.emit (events.js:182:7)
40 verbose stack     at IncomingMessage.<anonymous> (/usr/local/lib/node_modules/npm/node_modules/request/request.js:963:12)
41 verbose statusCode 403
42 verbose pkgid periscope-embed-element
43 verbose cwd /Users/zguillez/Documents/SVN/PERISCOPE-EMBED-ELEMENT
44 error Darwin 14.5.0
45 error argv "/usr/local/Cellar/node/0.10.29/bin/node" "/usr/local/bin/npm" "publish"
46 error node v5.8.0
47 error npm  v3.8.5
48 error code E403
49 error "You cannot publish over the previously published version 1.0.1." : periscope-embed-element
50 error If you need help, you may report this error at:
50 error     <https://github.com/npm/npm/issues>
51 verbose exit [ 1, true ]
